<?xml version="1.0" encoding="UTF-8"?>
<testng-results ignored="0" total="2" passed="2" failed="0" skipped="0">
  <reporter-output>
  </reporter-output>
  <suite started-at="2025-05-01T22:24:29 IST" name="BaseSuite" finished-at="2025-05-01T22:25:40 IST" duration-ms="71066">
    <groups>
    </groups>
    <test started-at="2025-05-01T22:24:29 IST" name="AmexTest" finished-at="2025-05-01T22:25:40 IST" duration-ms="71066">
      <class name="amex.UI.TestA">
        <test-method is-config="true" signature="clearLogsBeforeExecution()[pri:0, instance:amex.UI.TestA@61c4eee0]" started-at="2025-05-01T22:24:29 IST" name="clearLogsBeforeExecution" finished-at="2025-05-01T22:24:29 IST" duration-ms="13" status="PASS">
          <reporter-output>
          </reporter-output>
        </test-method> <!-- clearLogsBeforeExecution -->
        <test-method is-config="true" signature="setUp()[pri:0, instance:amex.UI.TestA@61c4eee0]" started-at="2025-05-01T22:24:29 IST" name="setUp" finished-at="2025-05-01T22:24:30 IST" duration-ms="1504" status="PASS">
          <reporter-output>
          </reporter-output>
        </test-method> <!-- setUp -->
        <test-method is-config="true" signature="set(org.testng.ITestContext)[pri:0, instance:amex.UI.TestA@61c4eee0]" started-at="2025-05-01T22:24:30 IST" name="set" finished-at="2025-05-01T22:24:31 IST" duration-ms="857" status="PASS">
          <params>
            <param index="0">
              <value>
                <![CDATA[org.testng.TestRunner@329548d0]]>
              </value>
            </param>
          </params>
          <reporter-output>
          </reporter-output>
        </test-method> <!-- set -->
        <test-method is-config="true" signature="setUpTestObjects()[pri:0, instance:amex.UI.TestA@61c4eee0]" started-at="2025-05-01T22:24:31 IST" name="setUpTestObjects" finished-at="2025-05-01T22:24:31 IST" duration-ms="15" status="PASS">
          <reporter-output>
          </reporter-output>
        </test-method> <!-- setUpTestObjects -->
        <test-method signature="testNegative()[pri:0, instance:amex.UI.TestA@61c4eee0]" started-at="2025-05-01T22:24:31 IST" name="testNegative" finished-at="2025-05-01T22:25:04 IST" duration-ms="32514" status="PASS">
          <reporter-output>
          </reporter-output>
        </test-method> <!-- testNegative -->
        <test-method is-config="true" signature="set(org.testng.ITestContext)[pri:0, instance:amex.UI.TestA@61c4eee0]" started-at="2025-05-01T22:25:04 IST" name="set" finished-at="2025-05-01T22:25:04 IST" duration-ms="227" status="PASS">
          <params>
            <param index="0">
              <value>
                <![CDATA[org.testng.TestRunner@329548d0]]>
              </value>
            </param>
          </params>
          <reporter-output>
          </reporter-output>
        </test-method> <!-- set -->
        <test-method is-config="true" signature="setUpTestObjects()[pri:0, instance:amex.UI.TestA@61c4eee0]" started-at="2025-05-01T22:25:04 IST" name="setUpTestObjects" finished-at="2025-05-01T22:25:04 IST" duration-ms="1" status="PASS">
          <reporter-output>
          </reporter-output>
        </test-method> <!-- setUpTestObjects -->
        <test-method signature="testPositive()[pri:0, instance:amex.UI.TestA@61c4eee0]" started-at="2025-05-01T22:25:04 IST" name="testPositive" finished-at="2025-05-01T22:25:40 IST" duration-ms="35486" status="PASS">
          <reporter-output>
          </reporter-output>
        </test-method> <!-- testPositive -->
        <test-method is-config="true" signature="tearDown()[pri:0, instance:amex.UI.TestA@61c4eee0]" started-at="2025-05-01T22:25:40 IST" name="tearDown" finished-at="2025-05-01T22:25:40 IST" duration-ms="429" status="PASS">
          <reporter-output>
          </reporter-output>
        </test-method> <!-- tearDown -->
      </class> <!-- amex.UI.TestA -->
    </test> <!-- AmexTest -->
  </suite> <!-- BaseSuite -->
</testng-results>
