<?xml version="1.0" encoding="UTF-8"?>
<!-- Generated by org.testng.reporters.JUnitXMLReporter -->
<testsuite ignored="0" hostname="Pavithran" failures="1" tests="2" name="Test" time="26.369" errors="0" timestamp="2025-05-01T22:01:52 IST">
  <testcase classname="amex.UI.TestA" name="testNegative" time="0.885">
    <failure type="java.lang.AssertionError" message="Page title mismatch! expected [null] but found [American Express FR : Cartes de Paiement &amp;amp; Services Privilégiés]">
      <![CDATA[java.lang.AssertionError: Page title mismatch! expected [null] but found [American Express FR : Cartes de Paiement & Services Privilégiés]
at utility.CommonMethods.verifyPageTitle(CommonMethods.java:60)
at amex.UI.TestA.testNegative(TestA.java:62)
at java.base/java.util.ArrayList.forEach(ArrayList.java:1511)
... Removed 30 stack frames]]>
    </failure>
  </testcase> <!-- testNegative -->
  <testcase classname="amex.UI.TestA" name="testPositive" time="22.392"/>
</testsuite> <!-- Test -->
